<?xml version="1.0" encoding="UTF-8"?>
<!-- Generated by org.testng.reporters.JUnitReportReporter -->
<testsuite hostname="SF-LAP-439" failures="0" tests="2" name="org.selenium.qa.testcases.LoginPageTest" time="0.336" errors="0" timestamp="2023-03-13T12:13:30 IST" skipped="0">
  <testcase classname="org.selenium.qa.testcases.LoginPageTest" name="loginPageTitleTest" time="0.031"/>
  <system-out/>
  <testcase classname="org.selenium.qa.testcases.LoginPageTest" name="loginTest" time="0.305"/>
  <system-out/>
</testsuite> <!-- org.selenium.qa.testcases.LoginPageTest -->
